# Sun Nov 09 19:51:49 MSK 2025
### REQUEST
curl -X POST 'https://sbank.open.bankingapi.ru/auth/bank-token?client_secret=rihm8KZlNFqhH4DQ3H0LpK8hwub1Unpa&client_id=team154'

### RESPONSE (200)
{"access_token":"eyJhbGciOiJIUzI1NiIsInR5cCI6IkpXVCJ9.eyJzdWIiOiJ0ZWFtMTU0IiwiY2xpZW50X2lkIjoidGVhbTE1NCIsInR5cGUiOiJ0ZWFtIiwiaXNzIjoic2JhbmsiLCJhdWQiOiJvcGVuYmFua2luZyIsImV4cCI6MTc2Mjc5MzUwOX0.lHCwpKZ-kLoxAkYWi4BkOLShJMr3PQVMZv-wl4cBnzg","token_type":"bearer","client_id":"team154","algorithm":"HS256","expires_in":86400}

================================================================================


# Sun Nov 09 19:51:49 MSK 2025
### REQUEST
curl -X GET 'https://sbank.open.bankingapi.ru/accounts/acc-2636' \
  -H 'Authorization: Bearer eyJhbGciOiJIUzI1NiIsInR5cCI6IkpXVCJ9.eyJzdWIiOiJ0ZWFtMTU0IiwiY2xpZW50X2lkIjoidGVhbTE1NCIsInR5cGUiOiJ0ZWFtIiwiaXNzIjoic2JhbmsiLCJhdWQiOiJvcGVuYmFua2luZyIsImV4cCI6MTc2Mjc5MzUwOX0.lHCwpKZ-kLoxAkYWi4BkOLShJMr3PQVMZv-wl4cBnzg'

### RESPONSE (200)
{"data":{"account":[{"accountId":"acc-2636","status":"Enabled","currency":"RUB","accountType":"Personal","accountSubType":"Checking","description":"checking account","nickname":"Checking счет","openingDate":"2024-10-30"}]}}

================================================================================


# Sun Nov 09 19:51:49 MSK 2025
### REQUEST
curl -X GET 'https://sbank.open.bankingapi.ru/accounts/acc-2636/balances' \
  -H 'Authorization: Bearer eyJhbGciOiJIUzI1NiIsInR5cCI6IkpXVCJ9.eyJzdWIiOiJ0ZWFtMTU0IiwiY2xpZW50X2lkIjoidGVhbTE1NCIsInR5cGUiOiJ0ZWFtIiwiaXNzIjoic2JhbmsiLCJhdWQiOiJvcGVuYmFua2luZyIsImV4cCI6MTc2Mjc5MzUwOX0.lHCwpKZ-kLoxAkYWi4BkOLShJMr3PQVMZv-wl4cBnzg'

### RESPONSE (200)
{"data":{"balance":[{"accountId":"acc-2636","type":"InterimAvailable","dateTime":"2025-11-09T16:51:49.215666Z","amount":{"amount":"278333.68","currency":"RUB"},"creditDebitIndicator":"Credit"},{"accountId":"acc-2636","type":"InterimBooked","dateTime":"2025-11-09T16:51:49.215678Z","amount":{"amount":"278333.68","currency":"RUB"},"creditDebitIndicator":"Credit"}]}}

================================================================================


# Sun Nov 09 19:51:49 MSK 2025
### REQUEST
curl -X GET 'https://sbank.open.bankingapi.ru/accounts/acc-2636/transactions' \
  -H 'Authorization: Bearer eyJhbGciOiJIUzI1NiIsInR5cCI6IkpXVCJ9.eyJzdWIiOiJ0ZWFtMTU0IiwiY2xpZW50X2lkIjoidGVhbTE1NCIsInR5cGUiOiJ0ZWFtIiwiaXNzIjoic2JhbmsiLCJhdWQiOiJvcGVuYmFua2luZyIsImV4cCI6MTc2Mjc5MzUwOX0.lHCwpKZ-kLoxAkYWi4BkOLShJMr3PQVMZv-wl4cBnzg'

### RESPONSE (200)
{"data":{"transaction":[{"accountId":"acc-2636","transactionId":"tx-sbank-00388372","amount":{"amount":"2272.28","currency":"RUB"},"creditDebitIndicator":"Debit","status":"completed","bookingDateTime":"2025-11-08T13:15:07.318484Z","valueDateTime":"2025-11-08T13:15:07.318484Z","transactionInformation":"ВкусВилл - Новосибирск","bankTransactionCode":{"code":"01"},"merchant":{"merchantId":"merchant-grocery-0200","name":"ВкусВилл","mccCode":"5411","category":"grocery","city":"Новосибирск","country":"RUS","address":"ул. Примерная, д. 21, Новосибирск"},"transactionLocation":{"city":"Новосибирск","country":"RUS"},"card":{"cardId":"card-sbank-002636","cardNumber":"****6284","cardType":"debit","cardName":"МИР Социальная"},"counterparty":null},{"accountId":"acc-2636","transactionId":"tx-sbank-00388370","amount":{"amount":"28856.49","currency":"RUB"},"creditDebitIndicator":"Credit","status":"completed","bookingDateTime":"2025-11-04T23:58:07.318484Z","valueDateTime":"2025-11-04T23:58:07.318484Z","t...

================================================================================


# Sun Nov 09 19:51:49 MSK 2025
### REQUEST
curl -X PUT 'https://sbank.open.bankingapi.ru/accounts/acc-2636/status' \
  -H 'Authorization: Bearer eyJhbGciOiJIUzI1NiIsInR5cCI6IkpXVCJ9.eyJzdWIiOiJ0ZWFtMTU0IiwiY2xpZW50X2lkIjoidGVhbTE1NCIsInR5cGUiOiJ0ZWFtIiwiaXNzIjoic2JhbmsiLCJhdWQiOiJvcGVuYmFua2luZyIsImV4cCI6MTc2Mjc5MzUwOX0.lHCwpKZ-kLoxAkYWi4BkOLShJMr3PQVMZv-wl4cBnzg'

### RESPONSE (422)
{"detail":[{"type":"missing","loc":["body"],"msg":"Field required","input":null}]}

================================================================================


# Sun Nov 09 19:51:49 MSK 2025
### REQUEST
curl -X PUT 'https://sbank.open.bankingapi.ru/accounts/acc-2645/status' \
  -H 'Authorization: Bearer eyJhbGciOiJIUzI1NiIsInR5cCI6IkpXVCJ9.eyJzdWIiOiJ0ZWFtMTU0IiwiY2xpZW50X2lkIjoidGVhbTE1NCIsInR5cGUiOiJ0ZWFtIiwiaXNzIjoic2JhbmsiLCJhdWQiOiJvcGVuYmFua2luZyIsImV4cCI6MTc2Mjc5MzUwOX0.lHCwpKZ-kLoxAkYWi4BkOLShJMr3PQVMZv-wl4cBnzg'

### RESPONSE (422)
{"detail":[{"type":"missing","loc":["body"],"msg":"Field required","input":null}]}

================================================================================


# Sun Nov 09 19:51:49 MSK 2025
### REQUEST
curl -X PUT 'https://sbank.open.bankingapi.ru/accounts/acc-2634/status' \
  -H 'Authorization: Bearer eyJhbGciOiJIUzI1NiIsInR5cCI6IkpXVCJ9.eyJzdWIiOiJ0ZWFtMTU0IiwiY2xpZW50X2lkIjoidGVhbTE1NCIsInR5cGUiOiJ0ZWFtIiwiaXNzIjoic2JhbmsiLCJhdWQiOiJvcGVuYmFua2luZyIsImV4cCI6MTc2Mjc5MzUwOX0.lHCwpKZ-kLoxAkYWi4BkOLShJMr3PQVMZv-wl4cBnzg'

### RESPONSE (422)
{"detail":[{"type":"missing","loc":["body"],"msg":"Field required","input":null}]}

================================================================================


# Sun Nov 09 19:51:49 MSK 2025
### REQUEST
curl -X PUT 'https://sbank.open.bankingapi.ru/accounts/acc-2664/status' \
  -H 'Authorization: Bearer eyJhbGciOiJIUzI1NiIsInR5cCI6IkpXVCJ9.eyJzdWIiOiJ0ZWFtMTU0IiwiY2xpZW50X2lkIjoidGVhbTE1NCIsInR5cGUiOiJ0ZWFtIiwiaXNzIjoic2JhbmsiLCJhdWQiOiJvcGVuYmFua2luZyIsImV4cCI6MTc2Mjc5MzUwOX0.lHCwpKZ-kLoxAkYWi4BkOLShJMr3PQVMZv-wl4cBnzg'

### RESPONSE (422)
{"detail":[{"type":"missing","loc":["body"],"msg":"Field required","input":null}]}

================================================================================


# Sun Nov 09 19:51:49 MSK 2025
### REQUEST
curl -X PUT 'https://sbank.open.bankingapi.ru/accounts/acc-2674/status' \
  -H 'Authorization: Bearer eyJhbGciOiJIUzI1NiIsInR5cCI6IkpXVCJ9.eyJzdWIiOiJ0ZWFtMTU0IiwiY2xpZW50X2lkIjoidGVhbTE1NCIsInR5cGUiOiJ0ZWFtIiwiaXNzIjoic2JhbmsiLCJhdWQiOiJvcGVuYmFua2luZyIsImV4cCI6MTc2Mjc5MzUwOX0.lHCwpKZ-kLoxAkYWi4BkOLShJMr3PQVMZv-wl4cBnzg'

### RESPONSE (422)
{"detail":[{"type":"missing","loc":["body"],"msg":"Field required","input":null}]}

================================================================================


# Sun Nov 09 19:51:50 MSK 2025
### REQUEST
curl -X PUT 'https://sbank.open.bankingapi.ru/accounts/acc-2636/close' \
  -H 'Authorization: Bearer eyJhbGciOiJIUzI1NiIsInR5cCI6IkpXVCJ9.eyJzdWIiOiJ0ZWFtMTU0IiwiY2xpZW50X2lkIjoidGVhbTE1NCIsInR5cGUiOiJ0ZWFtIiwiaXNzIjoic2JhbmsiLCJhdWQiOiJvcGVuYmFua2luZyIsImV4cCI6MTc2Mjc5MzUwOX0.lHCwpKZ-kLoxAkYWi4BkOLShJMr3PQVMZv-wl4cBnzg'

### RESPONSE (422)
{"detail":[{"type":"missing","loc":["body"],"msg":"Field required","input":null}]}

================================================================================


# Sun Nov 09 19:51:50 MSK 2025
### REQUEST
curl -X PUT 'https://sbank.open.bankingapi.ru/accounts/acc-2645/close' \
  -H 'Authorization: Bearer eyJhbGciOiJIUzI1NiIsInR5cCI6IkpXVCJ9.eyJzdWIiOiJ0ZWFtMTU0IiwiY2xpZW50X2lkIjoidGVhbTE1NCIsInR5cGUiOiJ0ZWFtIiwiaXNzIjoic2JhbmsiLCJhdWQiOiJvcGVuYmFua2luZyIsImV4cCI6MTc2Mjc5MzUwOX0.lHCwpKZ-kLoxAkYWi4BkOLShJMr3PQVMZv-wl4cBnzg'

### RESPONSE (422)
{"detail":[{"type":"missing","loc":["body"],"msg":"Field required","input":null}]}

================================================================================


# Sun Nov 09 19:51:50 MSK 2025
### REQUEST
curl -X PUT 'https://sbank.open.bankingapi.ru/accounts/acc-2634/close' \
  -H 'Authorization: Bearer eyJhbGciOiJIUzI1NiIsInR5cCI6IkpXVCJ9.eyJzdWIiOiJ0ZWFtMTU0IiwiY2xpZW50X2lkIjoidGVhbTE1NCIsInR5cGUiOiJ0ZWFtIiwiaXNzIjoic2JhbmsiLCJhdWQiOiJvcGVuYmFua2luZyIsImV4cCI6MTc2Mjc5MzUwOX0.lHCwpKZ-kLoxAkYWi4BkOLShJMr3PQVMZv-wl4cBnzg'

### RESPONSE (422)
{"detail":[{"type":"missing","loc":["body"],"msg":"Field required","input":null}]}

================================================================================


# Sun Nov 09 19:51:50 MSK 2025
### REQUEST
curl -X PUT 'https://sbank.open.bankingapi.ru/accounts/acc-2650/close' \
  -H 'Authorization: Bearer eyJhbGciOiJIUzI1NiIsInR5cCI6IkpXVCJ9.eyJzdWIiOiJ0ZWFtMTU0IiwiY2xpZW50X2lkIjoidGVhbTE1NCIsInR5cGUiOiJ0ZWFtIiwiaXNzIjoic2JhbmsiLCJhdWQiOiJvcGVuYmFua2luZyIsImV4cCI6MTc2Mjc5MzUwOX0.lHCwpKZ-kLoxAkYWi4BkOLShJMr3PQVMZv-wl4cBnzg'

### RESPONSE (422)
{"detail":[{"type":"missing","loc":["body"],"msg":"Field required","input":null}]}

================================================================================


# Sun Nov 09 19:51:50 MSK 2025
### REQUEST
curl -X PUT 'https://sbank.open.bankingapi.ru/accounts/acc-2661/close' \
  -H 'Authorization: Bearer eyJhbGciOiJIUzI1NiIsInR5cCI6IkpXVCJ9.eyJzdWIiOiJ0ZWFtMTU0IiwiY2xpZW50X2lkIjoidGVhbTE1NCIsInR5cGUiOiJ0ZWFtIiwiaXNzIjoic2JhbmsiLCJhdWQiOiJvcGVuYmFua2luZyIsImV4cCI6MTc2Mjc5MzUwOX0.lHCwpKZ-kLoxAkYWi4BkOLShJMr3PQVMZv-wl4cBnzg'

### RESPONSE (422)
{"detail":[{"type":"missing","loc":["body"],"msg":"Field required","input":null}]}

================================================================================


# Sun Nov 09 19:51:50 MSK 2025
### REQUEST
curl -X GET 'https://sbank.open.bankingapi.ru/account-consents/consent-d9f0724a4775' \
  -H 'Authorization: Bearer eyJhbGciOiJIUzI1NiIsInR5cCI6IkpXVCJ9.eyJzdWIiOiJ0ZWFtMTU0IiwiY2xpZW50X2lkIjoidGVhbTE1NCIsInR5cGUiOiJ0ZWFtIiwiaXNzIjoic2JhbmsiLCJhdWQiOiJvcGVuYmFua2luZyIsImV4cCI6MTc2Mjc5MzUwOX0.lHCwpKZ-kLoxAkYWi4BkOLShJMr3PQVMZv-wl4cBnzg'

### RESPONSE (404)
{"detail":"Consent not found"}

================================================================================


# Sun Nov 09 19:51:51 MSK 2025
### REQUEST
curl -X GET 'https://sbank.open.bankingapi.ru/account-consents/consent-d18f0724a4775' \
  -H 'Authorization: Bearer eyJhbGciOiJIUzI1NiIsInR5cCI6IkpXVCJ9.eyJzdWIiOiJ0ZWFtMTU0IiwiY2xpZW50X2lkIjoidGVhbTE1NCIsInR5cGUiOiJ0ZWFtIiwiaXNzIjoic2JhbmsiLCJhdWQiOiJvcGVuYmFua2luZyIsImV4cCI6MTc2Mjc5MzUwOX0.lHCwpKZ-kLoxAkYWi4BkOLShJMr3PQVMZv-wl4cBnzg'

### RESPONSE (404)
{"detail":"Consent not found"}

================================================================================


# Sun Nov 09 19:51:51 MSK 2025
### REQUEST
curl -X GET 'https://sbank.open.bankingapi.ru/account-consents/consent-d7f0724a4775' \
  -H 'Authorization: Bearer eyJhbGciOiJIUzI1NiIsInR5cCI6IkpXVCJ9.eyJzdWIiOiJ0ZWFtMTU0IiwiY2xpZW50X2lkIjoidGVhbTE1NCIsInR5cGUiOiJ0ZWFtIiwiaXNzIjoic2JhbmsiLCJhdWQiOiJvcGVuYmFua2luZyIsImV4cCI6MTc2Mjc5MzUwOX0.lHCwpKZ-kLoxAkYWi4BkOLShJMr3PQVMZv-wl4cBnzg'

### RESPONSE (404)
{"detail":"Consent not found"}

================================================================================


# Sun Nov 09 19:51:51 MSK 2025
### REQUEST
curl -X GET 'https://sbank.open.bankingapi.ru/account-consents/consent-d53f0724a4775' \
  -H 'Authorization: Bearer eyJhbGciOiJIUzI1NiIsInR5cCI6IkpXVCJ9.eyJzdWIiOiJ0ZWFtMTU0IiwiY2xpZW50X2lkIjoidGVhbTE1NCIsInR5cGUiOiJ0ZWFtIiwiaXNzIjoic2JhbmsiLCJhdWQiOiJvcGVuYmFua2luZyIsImV4cCI6MTc2Mjc5MzUwOX0.lHCwpKZ-kLoxAkYWi4BkOLShJMr3PQVMZv-wl4cBnzg'

### RESPONSE (404)
{"detail":"Consent not found"}

================================================================================


# Sun Nov 09 19:51:51 MSK 2025
### REQUEST
curl -X GET 'https://sbank.open.bankingapi.ru/account-consents/consent-d17f0724a4775' \
  -H 'Authorization: Bearer eyJhbGciOiJIUzI1NiIsInR5cCI6IkpXVCJ9.eyJzdWIiOiJ0ZWFtMTU0IiwiY2xpZW50X2lkIjoidGVhbTE1NCIsInR5cGUiOiJ0ZWFtIiwiaXNzIjoic2JhbmsiLCJhdWQiOiJvcGVuYmFua2luZyIsImV4cCI6MTc2Mjc5MzUwOX0.lHCwpKZ-kLoxAkYWi4BkOLShJMr3PQVMZv-wl4cBnzg'

### RESPONSE (404)
{"detail":"Consent not found"}

================================================================================


# Sun Nov 09 19:51:51 MSK 2025
### REQUEST
curl -X DELETE 'https://sbank.open.bankingapi.ru/account-consents/consent-d9f0724a4775' \
  -H 'Authorization: Bearer eyJhbGciOiJIUzI1NiIsInR5cCI6IkpXVCJ9.eyJzdWIiOiJ0ZWFtMTU0IiwiY2xpZW50X2lkIjoidGVhbTE1NCIsInR5cGUiOiJ0ZWFtIiwiaXNzIjoic2JhbmsiLCJhdWQiOiJvcGVuYmFua2luZyIsImV4cCI6MTc2Mjc5MzUwOX0.lHCwpKZ-kLoxAkYWi4BkOLShJMr3PQVMZv-wl4cBnzg'

### RESPONSE (404)
{"detail":"Consent not found"}

================================================================================


# Sun Nov 09 19:51:51 MSK 2025
### REQUEST
curl -X DELETE 'https://sbank.open.bankingapi.ru/account-consents/consent-d18f0724a4775' \
  -H 'Authorization: Bearer eyJhbGciOiJIUzI1NiIsInR5cCI6IkpXVCJ9.eyJzdWIiOiJ0ZWFtMTU0IiwiY2xpZW50X2lkIjoidGVhbTE1NCIsInR5cGUiOiJ0ZWFtIiwiaXNzIjoic2JhbmsiLCJhdWQiOiJvcGVuYmFua2luZyIsImV4cCI6MTc2Mjc5MzUwOX0.lHCwpKZ-kLoxAkYWi4BkOLShJMr3PQVMZv-wl4cBnzg'

### RESPONSE (404)
{"detail":"Consent not found"}

================================================================================


# Sun Nov 09 19:51:52 MSK 2025
### REQUEST
curl -X DELETE 'https://sbank.open.bankingapi.ru/account-consents/consent-d7f0724a4775' \
  -H 'Authorization: Bearer eyJhbGciOiJIUzI1NiIsInR5cCI6IkpXVCJ9.eyJzdWIiOiJ0ZWFtMTU0IiwiY2xpZW50X2lkIjoidGVhbTE1NCIsInR5cGUiOiJ0ZWFtIiwiaXNzIjoic2JhbmsiLCJhdWQiOiJvcGVuYmFua2luZyIsImV4cCI6MTc2Mjc5MzUwOX0.lHCwpKZ-kLoxAkYWi4BkOLShJMr3PQVMZv-wl4cBnzg'

### RESPONSE (404)
{"detail":"Consent not found"}

================================================================================


# Sun Nov 09 19:51:52 MSK 2025
### REQUEST
curl -X DELETE 'https://sbank.open.bankingapi.ru/account-consents/consent-d22f0724a4775' \
  -H 'Authorization: Bearer eyJhbGciOiJIUzI1NiIsInR5cCI6IkpXVCJ9.eyJzdWIiOiJ0ZWFtMTU0IiwiY2xpZW50X2lkIjoidGVhbTE1NCIsInR5cGUiOiJ0ZWFtIiwiaXNzIjoic2JhbmsiLCJhdWQiOiJvcGVuYmFua2luZyIsImV4cCI6MTc2Mjc5MzUwOX0.lHCwpKZ-kLoxAkYWi4BkOLShJMr3PQVMZv-wl4cBnzg'

### RESPONSE (404)
{"detail":"Consent not found"}

================================================================================


# Sun Nov 09 19:51:52 MSK 2025
### REQUEST
curl -X DELETE 'https://sbank.open.bankingapi.ru/account-consents/consent-d20f0724a4775' \
  -H 'Authorization: Bearer eyJhbGciOiJIUzI1NiIsInR5cCI6IkpXVCJ9.eyJzdWIiOiJ0ZWFtMTU0IiwiY2xpZW50X2lkIjoidGVhbTE1NCIsInR5cGUiOiJ0ZWFtIiwiaXNzIjoic2JhbmsiLCJhdWQiOiJvcGVuYmFua2luZyIsImV4cCI6MTc2Mjc5MzUwOX0.lHCwpKZ-kLoxAkYWi4BkOLShJMr3PQVMZv-wl4cBnzg'

### RESPONSE (404)
{"detail":"Consent not found"}

================================================================================


# Sun Nov 09 19:51:52 MSK 2025
### REQUEST
curl -X GET 'https://sbank.open.bankingapi.ru/payment-consents/consent-d9f0724a4775' \
  -H 'Authorization: Bearer eyJhbGciOiJIUzI1NiIsInR5cCI6IkpXVCJ9.eyJzdWIiOiJ0ZWFtMTU0IiwiY2xpZW50X2lkIjoidGVhbTE1NCIsInR5cGUiOiJ0ZWFtIiwiaXNzIjoic2JhbmsiLCJhdWQiOiJvcGVuYmFua2luZyIsImV4cCI6MTc2Mjc5MzUwOX0.lHCwpKZ-kLoxAkYWi4BkOLShJMr3PQVMZv-wl4cBnzg'

### RESPONSE (401)
{"detail":"Insufficient permissions"}

================================================================================


# Sun Nov 09 19:51:52 MSK 2025
### REQUEST
curl -X GET 'https://sbank.open.bankingapi.ru/payment-consents/consent-d18f0724a4775' \
  -H 'Authorization: Bearer eyJhbGciOiJIUzI1NiIsInR5cCI6IkpXVCJ9.eyJzdWIiOiJ0ZWFtMTU0IiwiY2xpZW50X2lkIjoidGVhbTE1NCIsInR5cGUiOiJ0ZWFtIiwiaXNzIjoic2JhbmsiLCJhdWQiOiJvcGVuYmFua2luZyIsImV4cCI6MTc2Mjc5MzUwOX0.lHCwpKZ-kLoxAkYWi4BkOLShJMr3PQVMZv-wl4cBnzg'

### RESPONSE (401)
{"detail":"Insufficient permissions"}

================================================================================


# Sun Nov 09 19:51:52 MSK 2025
### REQUEST
curl -X GET 'https://sbank.open.bankingapi.ru/payment-consents/consent-d7f0724a4775' \
  -H 'Authorization: Bearer eyJhbGciOiJIUzI1NiIsInR5cCI6IkpXVCJ9.eyJzdWIiOiJ0ZWFtMTU0IiwiY2xpZW50X2lkIjoidGVhbTE1NCIsInR5cGUiOiJ0ZWFtIiwiaXNzIjoic2JhbmsiLCJhdWQiOiJvcGVuYmFua2luZyIsImV4cCI6MTc2Mjc5MzUwOX0.lHCwpKZ-kLoxAkYWi4BkOLShJMr3PQVMZv-wl4cBnzg'

### RESPONSE (401)
{"detail":"Insufficient permissions"}

================================================================================


# Sun Nov 09 19:51:53 MSK 2025
### REQUEST
curl -X GET 'https://sbank.open.bankingapi.ru/payment-consents/consent-d49f0724a4775' \
  -H 'Authorization: Bearer eyJhbGciOiJIUzI1NiIsInR5cCI6IkpXVCJ9.eyJzdWIiOiJ0ZWFtMTU0IiwiY2xpZW50X2lkIjoidGVhbTE1NCIsInR5cGUiOiJ0ZWFtIiwiaXNzIjoic2JhbmsiLCJhdWQiOiJvcGVuYmFua2luZyIsImV4cCI6MTc2Mjc5MzUwOX0.lHCwpKZ-kLoxAkYWi4BkOLShJMr3PQVMZv-wl4cBnzg'

### RESPONSE (401)
{"detail":"Insufficient permissions"}

================================================================================


# Sun Nov 09 19:51:53 MSK 2025
### REQUEST
curl -X GET 'https://sbank.open.bankingapi.ru/payment-consents/consent-d54f0724a4775' \
  -H 'Authorization: Bearer eyJhbGciOiJIUzI1NiIsInR5cCI6IkpXVCJ9.eyJzdWIiOiJ0ZWFtMTU0IiwiY2xpZW50X2lkIjoidGVhbTE1NCIsInR5cGUiOiJ0ZWFtIiwiaXNzIjoic2JhbmsiLCJhdWQiOiJvcGVuYmFua2luZyIsImV4cCI6MTc2Mjc5MzUwOX0.lHCwpKZ-kLoxAkYWi4BkOLShJMr3PQVMZv-wl4cBnzg'

### RESPONSE (401)
{"detail":"Insufficient permissions"}

================================================================================


# Sun Nov 09 19:51:53 MSK 2025
### REQUEST
curl -X DELETE 'https://sbank.open.bankingapi.ru/payment-consents/consent-d9f0724a4775' \
  -H 'Authorization: Bearer eyJhbGciOiJIUzI1NiIsInR5cCI6IkpXVCJ9.eyJzdWIiOiJ0ZWFtMTU0IiwiY2xpZW50X2lkIjoidGVhbTE1NCIsInR5cGUiOiJ0ZWFtIiwiaXNzIjoic2JhbmsiLCJhdWQiOiJvcGVuYmFua2luZyIsImV4cCI6MTc2Mjc5MzUwOX0.lHCwpKZ-kLoxAkYWi4BkOLShJMr3PQVMZv-wl4cBnzg'

### RESPONSE (401)
{"detail":"Insufficient permissions"}

================================================================================


# Sun Nov 09 19:51:53 MSK 2025
### REQUEST
curl -X DELETE 'https://sbank.open.bankingapi.ru/payment-consents/consent-d18f0724a4775' \
  -H 'Authorization: Bearer eyJhbGciOiJIUzI1NiIsInR5cCI6IkpXVCJ9.eyJzdWIiOiJ0ZWFtMTU0IiwiY2xpZW50X2lkIjoidGVhbTE1NCIsInR5cGUiOiJ0ZWFtIiwiaXNzIjoic2JhbmsiLCJhdWQiOiJvcGVuYmFua2luZyIsImV4cCI6MTc2Mjc5MzUwOX0.lHCwpKZ-kLoxAkYWi4BkOLShJMr3PQVMZv-wl4cBnzg'

### RESPONSE (401)
{"detail":"Insufficient permissions"}

================================================================================


# Sun Nov 09 19:51:54 MSK 2025
### REQUEST
curl -X DELETE 'https://sbank.open.bankingapi.ru/payment-consents/consent-d7f0724a4775' \
  -H 'Authorization: Bearer eyJhbGciOiJIUzI1NiIsInR5cCI6IkpXVCJ9.eyJzdWIiOiJ0ZWFtMTU0IiwiY2xpZW50X2lkIjoidGVhbTE1NCIsInR5cGUiOiJ0ZWFtIiwiaXNzIjoic2JhbmsiLCJhdWQiOiJvcGVuYmFua2luZyIsImV4cCI6MTc2Mjc5MzUwOX0.lHCwpKZ-kLoxAkYWi4BkOLShJMr3PQVMZv-wl4cBnzg'

### RESPONSE (401)
{"detail":"Insufficient permissions"}

================================================================================


# Sun Nov 09 19:51:54 MSK 2025
### REQUEST
curl -X DELETE 'https://sbank.open.bankingapi.ru/payment-consents/consent-d57f0724a4775' \
  -H 'Authorization: Bearer eyJhbGciOiJIUzI1NiIsInR5cCI6IkpXVCJ9.eyJzdWIiOiJ0ZWFtMTU0IiwiY2xpZW50X2lkIjoidGVhbTE1NCIsInR5cGUiOiJ0ZWFtIiwiaXNzIjoic2JhbmsiLCJhdWQiOiJvcGVuYmFua2luZyIsImV4cCI6MTc2Mjc5MzUwOX0.lHCwpKZ-kLoxAkYWi4BkOLShJMr3PQVMZv-wl4cBnzg'

### RESPONSE (401)
{"detail":"Insufficient permissions"}

================================================================================


# Sun Nov 09 19:51:54 MSK 2025
### REQUEST
curl -X DELETE 'https://sbank.open.bankingapi.ru/payment-consents/consent-d23f0724a4775' \
  -H 'Authorization: Bearer eyJhbGciOiJIUzI1NiIsInR5cCI6IkpXVCJ9.eyJzdWIiOiJ0ZWFtMTU0IiwiY2xpZW50X2lkIjoidGVhbTE1NCIsInR5cGUiOiJ0ZWFtIiwiaXNzIjoic2JhbmsiLCJhdWQiOiJvcGVuYmFua2luZyIsImV4cCI6MTc2Mjc5MzUwOX0.lHCwpKZ-kLoxAkYWi4BkOLShJMr3PQVMZv-wl4cBnzg'

### RESPONSE (401)
{"detail":"Insufficient permissions"}

================================================================================


# Sun Nov 09 19:51:54 MSK 2025
### REQUEST
curl -X GET 'https://sbank.open.bankingapi.ru/payments/4081781015405069979' \
  -H 'Authorization: Bearer eyJhbGciOiJIUzI1NiIsInR5cCI6IkpXVCJ9.eyJzdWIiOiJ0ZWFtMTU0IiwiY2xpZW50X2lkIjoidGVhbTE1NCIsInR5cGUiOiJ0ZWFtIiwiaXNzIjoic2JhbmsiLCJhdWQiOiJvcGVuYmFua2luZyIsImV4cCI6MTc2Mjc5MzUwOX0.lHCwpKZ-kLoxAkYWi4BkOLShJMr3PQVMZv-wl4cBnzg'

### RESPONSE (401)
{"detail":"Unauthorized. Укажите client_id или используйте client_token"}

================================================================================


# Sun Nov 09 19:51:54 MSK 2025
### REQUEST
curl -X GET 'https://sbank.open.bankingapi.ru/payments/4081781015405069988' \
  -H 'Authorization: Bearer eyJhbGciOiJIUzI1NiIsInR5cCI6IkpXVCJ9.eyJzdWIiOiJ0ZWFtMTU0IiwiY2xpZW50X2lkIjoidGVhbTE1NCIsInR5cGUiOiJ0ZWFtIiwiaXNzIjoic2JhbmsiLCJhdWQiOiJvcGVuYmFua2luZyIsImV4cCI6MTc2Mjc5MzUwOX0.lHCwpKZ-kLoxAkYWi4BkOLShJMr3PQVMZv-wl4cBnzg'

### RESPONSE (401)
{"detail":"Unauthorized. Укажите client_id или используйте client_token"}

================================================================================


# Sun Nov 09 19:51:55 MSK 2025
### REQUEST
curl -X GET 'https://sbank.open.bankingapi.ru/payments/4081781015405069977' \
  -H 'Authorization: Bearer eyJhbGciOiJIUzI1NiIsInR5cCI6IkpXVCJ9.eyJzdWIiOiJ0ZWFtMTU0IiwiY2xpZW50X2lkIjoidGVhbTE1NCIsInR5cGUiOiJ0ZWFtIiwiaXNzIjoic2JhbmsiLCJhdWQiOiJvcGVuYmFua2luZyIsImV4cCI6MTc2Mjc5MzUwOX0.lHCwpKZ-kLoxAkYWi4BkOLShJMr3PQVMZv-wl4cBnzg'

### RESPONSE (401)
{"detail":"Unauthorized. Укажите client_id или используйте client_token"}

================================================================================


# Sun Nov 09 19:51:55 MSK 2025
### REQUEST
curl -X GET 'https://sbank.open.bankingapi.ru/payments/4081781015405069987' \
  -H 'Authorization: Bearer eyJhbGciOiJIUzI1NiIsInR5cCI6IkpXVCJ9.eyJzdWIiOiJ0ZWFtMTU0IiwiY2xpZW50X2lkIjoidGVhbTE1NCIsInR5cGUiOiJ0ZWFtIiwiaXNzIjoic2JhbmsiLCJhdWQiOiJvcGVuYmFua2luZyIsImV4cCI6MTc2Mjc5MzUwOX0.lHCwpKZ-kLoxAkYWi4BkOLShJMr3PQVMZv-wl4cBnzg'

### RESPONSE (401)
{"detail":"Unauthorized. Укажите client_id или используйте client_token"}

================================================================================


# Sun Nov 09 19:51:55 MSK 2025
### REQUEST
curl -X GET 'https://sbank.open.bankingapi.ru/payments/4081781015405070016' \
  -H 'Authorization: Bearer eyJhbGciOiJIUzI1NiIsInR5cCI6IkpXVCJ9.eyJzdWIiOiJ0ZWFtMTU0IiwiY2xpZW50X2lkIjoidGVhbTE1NCIsInR5cGUiOiJ0ZWFtIiwiaXNzIjoic2JhbmsiLCJhdWQiOiJvcGVuYmFua2luZyIsImV4cCI6MTc2Mjc5MzUwOX0.lHCwpKZ-kLoxAkYWi4BkOLShJMr3PQVMZv-wl4cBnzg'

### RESPONSE (401)
{"detail":"Unauthorized. Укажите client_id или используйте client_token"}

================================================================================


# Sun Nov 09 19:51:55 MSK 2025
### REQUEST
curl -X GET 'https://sbank.open.bankingapi.ru/products/prod-sbank-deposit-2' \
  -H 'Authorization: Bearer eyJhbGciOiJIUzI1NiIsInR5cCI6IkpXVCJ9.eyJzdWIiOiJ0ZWFtMTU0IiwiY2xpZW50X2lkIjoidGVhbTE1NCIsInR5cGUiOiJ0ZWFtIiwiaXNzIjoic2JhbmsiLCJhdWQiOiJvcGVuYmFua2luZyIsImV4cCI6MTc2Mjc5MzUwOX0.lHCwpKZ-kLoxAkYWi4BkOLShJMr3PQVMZv-wl4cBnzg'

### RESPONSE (404)
{"detail":"Product not found"}

================================================================================


# Sun Nov 09 19:51:55 MSK 2025
### REQUEST
curl -X GET 'https://sbank.open.bankingapi.ru/products/prod-sbank-deposit-11' \
  -H 'Authorization: Bearer eyJhbGciOiJIUzI1NiIsInR5cCI6IkpXVCJ9.eyJzdWIiOiJ0ZWFtMTU0IiwiY2xpZW50X2lkIjoidGVhbTE1NCIsInR5cGUiOiJ0ZWFtIiwiaXNzIjoic2JhbmsiLCJhdWQiOiJvcGVuYmFua2luZyIsImV4cCI6MTc2Mjc5MzUwOX0.lHCwpKZ-kLoxAkYWi4BkOLShJMr3PQVMZv-wl4cBnzg'

### RESPONSE (404)
{"detail":"Product not found"}

================================================================================


# Sun Nov 09 19:51:56 MSK 2025
### REQUEST
curl -X GET 'https://sbank.open.bankingapi.ru/products/prod-sbank-deposit-39' \
  -H 'Authorization: Bearer eyJhbGciOiJIUzI1NiIsInR5cCI6IkpXVCJ9.eyJzdWIiOiJ0ZWFtMTU0IiwiY2xpZW50X2lkIjoidGVhbTE1NCIsInR5cGUiOiJ0ZWFtIiwiaXNzIjoic2JhbmsiLCJhdWQiOiJvcGVuYmFua2luZyIsImV4cCI6MTc2Mjc5MzUwOX0.lHCwpKZ-kLoxAkYWi4BkOLShJMr3PQVMZv-wl4cBnzg'

### RESPONSE (404)
{"detail":"Product not found"}

================================================================================


# Sun Nov 09 19:51:56 MSK 2025
### REQUEST
curl -X GET 'https://sbank.open.bankingapi.ru/products/prod-sbank-deposit-22' \
  -H 'Authorization: Bearer eyJhbGciOiJIUzI1NiIsInR5cCI6IkpXVCJ9.eyJzdWIiOiJ0ZWFtMTU0IiwiY2xpZW50X2lkIjoidGVhbTE1NCIsInR5cGUiOiJ0ZWFtIiwiaXNzIjoic2JhbmsiLCJhdWQiOiJvcGVuYmFua2luZyIsImV4cCI6MTc2Mjc5MzUwOX0.lHCwpKZ-kLoxAkYWi4BkOLShJMr3PQVMZv-wl4cBnzg'

### RESPONSE (404)
{"detail":"Product not found"}

================================================================================


# Sun Nov 09 19:51:56 MSK 2025
### REQUEST
curl -X GET 'https://sbank.open.bankingapi.ru/products/prod-sbank-deposit-31' \
  -H 'Authorization: Bearer eyJhbGciOiJIUzI1NiIsInR5cCI6IkpXVCJ9.eyJzdWIiOiJ0ZWFtMTU0IiwiY2xpZW50X2lkIjoidGVhbTE1NCIsInR5cGUiOiJ0ZWFtIiwiaXNzIjoic2JhbmsiLCJhdWQiOiJvcGVuYmFua2luZyIsImV4cCI6MTc2Mjc5MzUwOX0.lHCwpKZ-kLoxAkYWi4BkOLShJMr3PQVMZv-wl4cBnzg'

### RESPONSE (404)
{"detail":"Product not found"}

================================================================================


# Sun Nov 09 19:51:56 MSK 2025
### REQUEST
curl -X GET 'https://sbank.open.bankingapi.ru/product-agreements/agr-8ca81cb17c60' \
  -H 'Authorization: Bearer eyJhbGciOiJIUzI1NiIsInR5cCI6IkpXVCJ9.eyJzdWIiOiJ0ZWFtMTU0IiwiY2xpZW50X2lkIjoidGVhbTE1NCIsInR5cGUiOiJ0ZWFtIiwiaXNzIjoic2JhbmsiLCJhdWQiOiJvcGVuYmFua2luZyIsImV4cCI6MTc2Mjc5MzUwOX0.lHCwpKZ-kLoxAkYWi4BkOLShJMr3PQVMZv-wl4cBnzg'

### RESPONSE (401)
{"detail":"Unauthorized. Укажите client_id или используйте client_token"}

================================================================================


# Sun Nov 09 19:51:56 MSK 2025
### REQUEST
curl -X GET 'https://sbank.open.bankingapi.ru/product-agreements/agr-17ca81cb17c60' \
  -H 'Authorization: Bearer eyJhbGciOiJIUzI1NiIsInR5cCI6IkpXVCJ9.eyJzdWIiOiJ0ZWFtMTU0IiwiY2xpZW50X2lkIjoidGVhbTE1NCIsInR5cGUiOiJ0ZWFtIiwiaXNzIjoic2JhbmsiLCJhdWQiOiJvcGVuYmFua2luZyIsImV4cCI6MTc2Mjc5MzUwOX0.lHCwpKZ-kLoxAkYWi4BkOLShJMr3PQVMZv-wl4cBnzg'

### RESPONSE (401)
{"detail":"Unauthorized. Укажите client_id или используйте client_token"}

================================================================================


# Sun Nov 09 19:51:57 MSK 2025
### REQUEST
curl -X GET 'https://sbank.open.bankingapi.ru/product-agreements/agr-6ca81cb17c60' \
  -H 'Authorization: Bearer eyJhbGciOiJIUzI1NiIsInR5cCI6IkpXVCJ9.eyJzdWIiOiJ0ZWFtMTU0IiwiY2xpZW50X2lkIjoidGVhbTE1NCIsInR5cGUiOiJ0ZWFtIiwiaXNzIjoic2JhbmsiLCJhdWQiOiJvcGVuYmFua2luZyIsImV4cCI6MTc2Mjc5MzUwOX0.lHCwpKZ-kLoxAkYWi4BkOLShJMr3PQVMZv-wl4cBnzg'

### RESPONSE (401)
{"detail":"Unauthorized. Укажите client_id или используйте client_token"}

================================================================================


# Sun Nov 09 19:51:57 MSK 2025
### REQUEST
curl -X GET 'https://sbank.open.bankingapi.ru/product-agreements/agr-36ca81cb17c60' \
  -H 'Authorization: Bearer eyJhbGciOiJIUzI1NiIsInR5cCI6IkpXVCJ9.eyJzdWIiOiJ0ZWFtMTU0IiwiY2xpZW50X2lkIjoidGVhbTE1NCIsInR5cGUiOiJ0ZWFtIiwiaXNzIjoic2JhbmsiLCJhdWQiOiJvcGVuYmFua2luZyIsImV4cCI6MTc2Mjc5MzUwOX0.lHCwpKZ-kLoxAkYWi4BkOLShJMr3PQVMZv-wl4cBnzg'

### RESPONSE (401)
{"detail":"Unauthorized. Укажите client_id или используйте client_token"}

================================================================================


# Sun Nov 09 19:51:57 MSK 2025
### REQUEST
curl -X GET 'https://sbank.open.bankingapi.ru/product-agreements/agr-41ca81cb17c60' \
  -H 'Authorization: Bearer eyJhbGciOiJIUzI1NiIsInR5cCI6IkpXVCJ9.eyJzdWIiOiJ0ZWFtMTU0IiwiY2xpZW50X2lkIjoidGVhbTE1NCIsInR5cGUiOiJ0ZWFtIiwiaXNzIjoic2JhbmsiLCJhdWQiOiJvcGVuYmFua2luZyIsImV4cCI6MTc2Mjc5MzUwOX0.lHCwpKZ-kLoxAkYWi4BkOLShJMr3PQVMZv-wl4cBnzg'

### RESPONSE (401)
{"detail":"Unauthorized. Укажите client_id или используйте client_token"}

================================================================================


# Sun Nov 09 19:51:57 MSK 2025
### REQUEST
curl -X DELETE 'https://sbank.open.bankingapi.ru/product-agreements/agr-8ca81cb17c60' \
  -H 'Authorization: Bearer eyJhbGciOiJIUzI1NiIsInR5cCI6IkpXVCJ9.eyJzdWIiOiJ0ZWFtMTU0IiwiY2xpZW50X2lkIjoidGVhbTE1NCIsInR5cGUiOiJ0ZWFtIiwiaXNzIjoic2JhbmsiLCJhdWQiOiJvcGVuYmFua2luZyIsImV4cCI6MTc2Mjc5MzUwOX0.lHCwpKZ-kLoxAkYWi4BkOLShJMr3PQVMZv-wl4cBnzg'

### RESPONSE (401)
{"detail":"Unauthorized. Укажите client_id или используйте client_token"}

================================================================================


# Sun Nov 09 19:51:57 MSK 2025
### REQUEST
curl -X DELETE 'https://sbank.open.bankingapi.ru/product-agreements/agr-17ca81cb17c60' \
  -H 'Authorization: Bearer eyJhbGciOiJIUzI1NiIsInR5cCI6IkpXVCJ9.eyJzdWIiOiJ0ZWFtMTU0IiwiY2xpZW50X2lkIjoidGVhbTE1NCIsInR5cGUiOiJ0ZWFtIiwiaXNzIjoic2JhbmsiLCJhdWQiOiJvcGVuYmFua2luZyIsImV4cCI6MTc2Mjc5MzUwOX0.lHCwpKZ-kLoxAkYWi4BkOLShJMr3PQVMZv-wl4cBnzg'

### RESPONSE (401)
{"detail":"Unauthorized. Укажите client_id или используйте client_token"}

================================================================================


# Sun Nov 09 19:51:58 MSK 2025
### REQUEST
curl -X DELETE 'https://sbank.open.bankingapi.ru/product-agreements/agr-6ca81cb17c60' \
  -H 'Authorization: Bearer eyJhbGciOiJIUzI1NiIsInR5cCI6IkpXVCJ9.eyJzdWIiOiJ0ZWFtMTU0IiwiY2xpZW50X2lkIjoidGVhbTE1NCIsInR5cGUiOiJ0ZWFtIiwiaXNzIjoic2JhbmsiLCJhdWQiOiJvcGVuYmFua2luZyIsImV4cCI6MTc2Mjc5MzUwOX0.lHCwpKZ-kLoxAkYWi4BkOLShJMr3PQVMZv-wl4cBnzg'

### RESPONSE (401)
{"detail":"Unauthorized. Укажите client_id или используйте client_token"}

================================================================================


# Sun Nov 09 19:51:58 MSK 2025
### REQUEST
curl -X DELETE 'https://sbank.open.bankingapi.ru/product-agreements/agr-23ca81cb17c60' \
  -H 'Authorization: Bearer eyJhbGciOiJIUzI1NiIsInR5cCI6IkpXVCJ9.eyJzdWIiOiJ0ZWFtMTU0IiwiY2xpZW50X2lkIjoidGVhbTE1NCIsInR5cGUiOiJ0ZWFtIiwiaXNzIjoic2JhbmsiLCJhdWQiOiJvcGVuYmFua2luZyIsImV4cCI6MTc2Mjc5MzUwOX0.lHCwpKZ-kLoxAkYWi4BkOLShJMr3PQVMZv-wl4cBnzg'

### RESPONSE (401)
{"detail":"Unauthorized. Укажите client_id или используйте client_token"}

================================================================================


# Sun Nov 09 19:51:58 MSK 2025
### REQUEST
curl -X DELETE 'https://sbank.open.bankingapi.ru/product-agreements/agr-22ca81cb17c60' \
  -H 'Authorization: Bearer eyJhbGciOiJIUzI1NiIsInR5cCI6IkpXVCJ9.eyJzdWIiOiJ0ZWFtMTU0IiwiY2xpZW50X2lkIjoidGVhbTE1NCIsInR5cGUiOiJ0ZWFtIiwiaXNzIjoic2JhbmsiLCJhdWQiOiJvcGVuYmFua2luZyIsImV4cCI6MTc2Mjc5MzUwOX0.lHCwpKZ-kLoxAkYWi4BkOLShJMr3PQVMZv-wl4cBnzg'

### RESPONSE (401)
{"detail":"Unauthorized. Укажите client_id или используйте client_token"}

================================================================================


# Sun Nov 09 19:51:58 MSK 2025
### REQUEST
curl -X GET 'https://sbank.open.bankingapi.ru/product-agreement-consents/consent-d9f0724a4775' \
  -H 'Authorization: Bearer eyJhbGciOiJIUzI1NiIsInR5cCI6IkpXVCJ9.eyJzdWIiOiJ0ZWFtMTU0IiwiY2xpZW50X2lkIjoidGVhbTE1NCIsInR5cGUiOiJ0ZWFtIiwiaXNzIjoic2JhbmsiLCJhdWQiOiJvcGVuYmFua2luZyIsImV4cCI6MTc2Mjc5MzUwOX0.lHCwpKZ-kLoxAkYWi4BkOLShJMr3PQVMZv-wl4cBnzg'

### RESPONSE (401)
{"detail":"Unauthorized. Укажите client_id или используйте client_token"}

================================================================================


# Sun Nov 09 19:51:58 MSK 2025
### REQUEST
curl -X GET 'https://sbank.open.bankingapi.ru/product-agreement-consents/consent-d18f0724a4775' \
  -H 'Authorization: Bearer eyJhbGciOiJIUzI1NiIsInR5cCI6IkpXVCJ9.eyJzdWIiOiJ0ZWFtMTU0IiwiY2xpZW50X2lkIjoidGVhbTE1NCIsInR5cGUiOiJ0ZWFtIiwiaXNzIjoic2JhbmsiLCJhdWQiOiJvcGVuYmFua2luZyIsImV4cCI6MTc2Mjc5MzUwOX0.lHCwpKZ-kLoxAkYWi4BkOLShJMr3PQVMZv-wl4cBnzg'

### RESPONSE (401)
{"detail":"Unauthorized. Укажите client_id или используйте client_token"}

================================================================================


# Sun Nov 09 19:51:58 MSK 2025
### REQUEST
curl -X GET 'https://sbank.open.bankingapi.ru/product-agreement-consents/consent-d7f0724a4775' \
  -H 'Authorization: Bearer eyJhbGciOiJIUzI1NiIsInR5cCI6IkpXVCJ9.eyJzdWIiOiJ0ZWFtMTU0IiwiY2xpZW50X2lkIjoidGVhbTE1NCIsInR5cGUiOiJ0ZWFtIiwiaXNzIjoic2JhbmsiLCJhdWQiOiJvcGVuYmFua2luZyIsImV4cCI6MTc2Mjc5MzUwOX0.lHCwpKZ-kLoxAkYWi4BkOLShJMr3PQVMZv-wl4cBnzg'

### RESPONSE (401)
{"detail":"Unauthorized. Укажите client_id или используйте client_token"}

================================================================================


# Sun Nov 09 19:51:59 MSK 2025
### REQUEST
curl -X GET 'https://sbank.open.bankingapi.ru/product-agreement-consents/consent-d40f0724a4775' \
  -H 'Authorization: Bearer eyJhbGciOiJIUzI1NiIsInR5cCI6IkpXVCJ9.eyJzdWIiOiJ0ZWFtMTU0IiwiY2xpZW50X2lkIjoidGVhbTE1NCIsInR5cGUiOiJ0ZWFtIiwiaXNzIjoic2JhbmsiLCJhdWQiOiJvcGVuYmFua2luZyIsImV4cCI6MTc2Mjc5MzUwOX0.lHCwpKZ-kLoxAkYWi4BkOLShJMr3PQVMZv-wl4cBnzg'

### RESPONSE (401)
{"detail":"Unauthorized. Укажите client_id или используйте client_token"}

================================================================================


# Sun Nov 09 19:51:59 MSK 2025
### REQUEST
curl -X GET 'https://sbank.open.bankingapi.ru/product-agreement-consents/consent-d42f0724a4775' \
  -H 'Authorization: Bearer eyJhbGciOiJIUzI1NiIsInR5cCI6IkpXVCJ9.eyJzdWIiOiJ0ZWFtMTU0IiwiY2xpZW50X2lkIjoidGVhbTE1NCIsInR5cGUiOiJ0ZWFtIiwiaXNzIjoic2JhbmsiLCJhdWQiOiJvcGVuYmFua2luZyIsImV4cCI6MTc2Mjc5MzUwOX0.lHCwpKZ-kLoxAkYWi4BkOLShJMr3PQVMZv-wl4cBnzg'

### RESPONSE (401)
{"detail":"Unauthorized. Укажите client_id или используйте client_token"}

================================================================================


# Sun Nov 09 19:51:59 MSK 2025
### REQUEST
curl -X DELETE 'https://sbank.open.bankingapi.ru/product-agreement-consents/consent-d9f0724a4775' \
  -H 'Authorization: Bearer eyJhbGciOiJIUzI1NiIsInR5cCI6IkpXVCJ9.eyJzdWIiOiJ0ZWFtMTU0IiwiY2xpZW50X2lkIjoidGVhbTE1NCIsInR5cGUiOiJ0ZWFtIiwiaXNzIjoic2JhbmsiLCJhdWQiOiJvcGVuYmFua2luZyIsImV4cCI6MTc2Mjc5MzUwOX0.lHCwpKZ-kLoxAkYWi4BkOLShJMr3PQVMZv-wl4cBnzg'

### RESPONSE (401)
{"detail":"Unauthorized. Укажите client_id или используйте client_token"}

================================================================================


# Sun Nov 09 19:51:59 MSK 2025
### REQUEST
curl -X DELETE 'https://sbank.open.bankingapi.ru/product-agreement-consents/consent-d18f0724a4775' \
  -H 'Authorization: Bearer eyJhbGciOiJIUzI1NiIsInR5cCI6IkpXVCJ9.eyJzdWIiOiJ0ZWFtMTU0IiwiY2xpZW50X2lkIjoidGVhbTE1NCIsInR5cGUiOiJ0ZWFtIiwiaXNzIjoic2JhbmsiLCJhdWQiOiJvcGVuYmFua2luZyIsImV4cCI6MTc2Mjc5MzUwOX0.lHCwpKZ-kLoxAkYWi4BkOLShJMr3PQVMZv-wl4cBnzg'

### RESPONSE (401)
{"detail":"Unauthorized. Укажите client_id или используйте client_token"}

================================================================================


# Sun Nov 09 19:51:59 MSK 2025
### REQUEST
curl -X DELETE 'https://sbank.open.bankingapi.ru/product-agreement-consents/consent-d7f0724a4775' \
  -H 'Authorization: Bearer eyJhbGciOiJIUzI1NiIsInR5cCI6IkpXVCJ9.eyJzdWIiOiJ0ZWFtMTU0IiwiY2xpZW50X2lkIjoidGVhbTE1NCIsInR5cGUiOiJ0ZWFtIiwiaXNzIjoic2JhbmsiLCJhdWQiOiJvcGVuYmFua2luZyIsImV4cCI6MTc2Mjc5MzUwOX0.lHCwpKZ-kLoxAkYWi4BkOLShJMr3PQVMZv-wl4cBnzg'

### RESPONSE (401)
{"detail":"Unauthorized. Укажите client_id или используйте client_token"}

================================================================================


# Sun Nov 09 19:52:00 MSK 2025
### REQUEST
curl -X DELETE 'https://sbank.open.bankingapi.ru/product-agreement-consents/consent-d27f0724a4775' \
  -H 'Authorization: Bearer eyJhbGciOiJIUzI1NiIsInR5cCI6IkpXVCJ9.eyJzdWIiOiJ0ZWFtMTU0IiwiY2xpZW50X2lkIjoidGVhbTE1NCIsInR5cGUiOiJ0ZWFtIiwiaXNzIjoic2JhbmsiLCJhdWQiOiJvcGVuYmFua2luZyIsImV4cCI6MTc2Mjc5MzUwOX0.lHCwpKZ-kLoxAkYWi4BkOLShJMr3PQVMZv-wl4cBnzg'

### RESPONSE (401)
{"detail":"Unauthorized. Укажите client_id или используйте client_token"}

================================================================================


# Sun Nov 09 19:52:00 MSK 2025
### REQUEST
curl -X DELETE 'https://sbank.open.bankingapi.ru/product-agreement-consents/consent-d32f0724a4775' \
  -H 'Authorization: Bearer eyJhbGciOiJIUzI1NiIsInR5cCI6IkpXVCJ9.eyJzdWIiOiJ0ZWFtMTU0IiwiY2xpZW50X2lkIjoidGVhbTE1NCIsInR5cGUiOiJ0ZWFtIiwiaXNzIjoic2JhbmsiLCJhdWQiOiJvcGVuYmFua2luZyIsImV4cCI6MTc2Mjc5MzUwOX0.lHCwpKZ-kLoxAkYWi4BkOLShJMr3PQVMZv-wl4cBnzg'

### RESPONSE (401)
{"detail":"Unauthorized. Укажите client_id или используйте client_token"}

================================================================================


